This is pdfTeX, Version 3.1415926-1.40.10 (TeX Live 2009/Debian) (format=pdflatex 2012.3.23)  29 MAR 2012 04:23
entering extended mode
 %&-line parsing enabled.
**informe.tex
(./informe.tex
LaTeX2e <2009/09/24>
Babel <v3.8l> and hyphenation patterns for english, usenglishmax, dumylang, noh
yphenation, farsi, arabic, croatian, bulgarian, ukrainian, russian, czech, slov
ak, danish, dutch, finnish, french, basque, ngerman, german, german-x-2009-06-1
9, ngerman-x-2009-06-19, ibycus, monogreek, greek, ancientgreek, hungarian, san
skrit, italian, latin, latvian, lithuanian, mongolian2a, mongolian, bokmal, nyn
orsk, romanian, irish, coptic, serbian, turkish, welsh, esperanto, uppersorbian
, estonian, indonesian, interlingua, icelandic, kurmanji, slovenian, polish, po
rtuguese, spanish, galician, catalan, swedish, ukenglish, pinyin, loaded.
(/usr/share/texmf-texlive/tex/latex/base/article.cls
Document Class: article 2007/10/19 v1.4h Standard LaTeX document class
(/usr/share/texmf-texlive/tex/latex/base/size10.clo
File: size10.clo 2007/10/19 v1.4h Standard LaTeX file (size option)
)
\c@part=\count79
\c@section=\count80
\c@subsection=\count81
\c@subsubsection=\count82
\c@paragraph=\count83
\c@subparagraph=\count84
\c@figure=\count85
\c@table=\count86
\abovecaptionskip=\skip41
\belowcaptionskip=\skip42
\bibindent=\dimen102
)
(/usr/share/texmf-texlive/tex/latex/base/inputenc.sty
Package: inputenc 2008/03/30 v1.1d Input encoding file
\inpenc@prehook=\toks14
\inpenc@posthook=\toks15

(/usr/share/texmf-texlive/tex/latex/ucs/utf8x.def
File: utf8x.def 2004/10/17 UCS: Input encoding UTF-8
))
(/usr/share/texmf-texlive/tex/latex/ucs/ucs.sty
Package: ucs 2004/10/17 UCS: Unicode input support

(/usr/share/texmf-texlive/tex/latex/ucs/data/uni-global.def
File: uni-global.def 2004/10/17 UCS: Unicode global data
)
\uc@secondtry=\count87
\uc@combtoks=\toks16
\uc@combtoksb=\toks17
\uc@temptokena=\toks18
)
(/var/lib/texmf/tex/generic/babel/babel.sty
Package: babel 2008/07/06 v3.8l The Babel package

(/usr/share/texmf-texlive/tex/generic/babel/english.ldf
Language: english 2005/03/30 v3.3o English support from the babel system

(/usr/share/texmf-texlive/tex/generic/babel/babel.def
File: babel.def 2008/07/06 v3.8l Babel common definitions
\babel@savecnt=\count88
\U@D=\dimen103
)
\l@canadian = a dialect from \language\l@american 
\l@australian = a dialect from \language\l@british 
\l@newzealand = a dialect from \language\l@british 
)
(/usr/share/texmf-texlive/tex/generic/babel/spanish.ldf
Language: spanish.ldf 2009/01/02 v5.0h Spanish support from the babel system
\es@datefmt=\count89
\es@quottoks=\toks19
\es@quotdepth=\count90
Package babel Info: Making " an active character on input line 492.
Package babel Info: Making . an active character on input line 585.
Package babel Info: Making < an active character on input line 630.
Package babel Info: Making > an active character on input line 630.
))
(/usr/share/texmf-texlive/tex/latex/graphics/graphicx.sty
Package: graphicx 1999/02/16 v1.0f Enhanced LaTeX Graphics (DPC,SPQR)

(/usr/share/texmf-texlive/tex/latex/graphics/keyval.sty
Package: keyval 1999/03/16 v1.13 key=value parser (DPC)
\KV@toks@=\toks20
)
(/usr/share/texmf-texlive/tex/latex/graphics/graphics.sty
Package: graphics 2009/02/05 v1.0o Standard LaTeX Graphics (DPC,SPQR)

(/usr/share/texmf-texlive/tex/latex/graphics/trig.sty
Package: trig 1999/03/16 v1.09 sin cos tan (DPC)
)
(/etc/texmf/tex/latex/config/graphics.cfg
File: graphics.cfg 2009/08/28 v1.8 graphics configuration of TeX Live
)
Package graphics Info: Driver file: pdftex.def on input line 91.

(/usr/share/texmf-texlive/tex/latex/pdftex-def/pdftex.def
File: pdftex.def 2009/08/25 v0.04m Graphics/color for pdfTeX
\Gread@gobject=\count91
))
\Gin@req@height=\dimen104
\Gin@req@width=\dimen105
)
(/usr/share/texmf-texlive/tex/latex/tools/verbatim.sty
Package: verbatim 2003/08/22 v1.5q LaTeX2e package for verbatim enhancements
\every@verbatim=\toks21
\verbatim@line=\toks22
\verbatim@in@stream=\read1
) (./informe.aux

LaTeX Warning: Label `lamport94' multiply defined.


LaTeX Warning: Label `lamport94' multiply defined.


LaTeX Warning: Label `lamport94' multiply defined.


LaTeX Warning: Label `lamport94' multiply defined.


LaTeX Warning: Label `lamport94' multiply defined.


LaTeX Warning: Label `lamport94' multiply defined.

)
\openout1 = `informe.aux'.

LaTeX Font Info:    Checking defaults for OML/cmm/m/it on input line 27.
LaTeX Font Info:    ... okay on input line 27.
LaTeX Font Info:    Checking defaults for T1/cmr/m/n on input line 27.
LaTeX Font Info:    ... okay on input line 27.
LaTeX Font Info:    Checking defaults for OT1/cmr/m/n on input line 27.
LaTeX Font Info:    ... okay on input line 27.
LaTeX Font Info:    Checking defaults for OMS/cmsy/m/n on input line 27.
LaTeX Font Info:    ... okay on input line 27.
LaTeX Font Info:    Checking defaults for OMX/cmex/m/n on input line 27.
LaTeX Font Info:    ... okay on input line 27.
LaTeX Font Info:    Checking defaults for U/cmr/m/n on input line 27.
LaTeX Font Info:    ... okay on input line 27.
 (/usr/share/texmf-texlive/tex/latex/ucs/ucsencs.def
File: ucsencs.def 2003/11/29 Fixes to fontencodings LGR, T3
)
(/usr/share/texmf/tex/context/base/supp-pdf.mkii
[Loading MPS to PDF converter (version 2006.09.02).]
\scratchcounter=\count92
\scratchdimen=\dimen106
\scratchbox=\box26
\nofMPsegments=\count93
\nofMParguments=\count94
\everyMPshowfont=\toks23
\MPscratchCnt=\count95
\MPscratchDim=\dimen107
\MPnumerator=\count96
\everyMPtoPDFconversion=\toks24
) (/usr/share/texmf-texlive/tex/latex/ucs/data/uni-0.def
File: uni-0.def 2004/10/17 UCS: Unicode data U+0000..U+00FF
)
LaTeX Font Info:    External font `cmex10' loaded for size
(Font)              <12> on input line 29.
LaTeX Font Info:    External font `cmex10' loaded for size
(Font)              <8> on input line 29.
LaTeX Font Info:    External font `cmex10' loaded for size
(Font)              <6> on input line 29.

<logo_fiuba.jpg, id=1, 387.00584pt x 129.3633pt>
File: logo_fiuba.jpg Graphic file (type jpg)
 <use logo_fiuba.jpg>
LaTeX Font Info:    External font `cmex10' loaded for size
(Font)              <7> on input line 47.
LaTeX Font Info:    External font `cmex10' loaded for size
(Font)              <5> on input line 47.

Overfull \hbox (37.47655pt too wide) in paragraph at lines 47--58
[]  
 []

[1

{/var/lib/texmf/fonts/map/pdftex/updmap/pdftex.map} <./logo_fiuba.jpg>]
(./informe.toc)
\tf@toc=\write3
\openout3 = `informe.toc'.

 [2] (/usr/share/texmf-texlive/tex/latex/ucs/data/uni-32.def
File: uni-32.def 2004/10/17 UCS: Unicode data U+2000..U+20FF
)
[3] <Imagenes/MergeSortVectorRandom.PNG, id=23, 716.6775pt x 411.5375pt>
File: Imagenes/MergeSortVectorRandom.PNG Graphic file (type png)

<use Imagenes/MergeSortVectorRandom.PNG>
<Imagenes/SelectionSortVectorRandom.PNG, id=24, 741.77126pt x 426.59375pt>
File: Imagenes/SelectionSortVectorRandom.PNG Graphic file (type png)

<use Imagenes/SelectionSortVectorRandom.PNG> [4 <./Imagenes/MergeSortVectorRand
om.PNG (PNG copy)> <./Imagenes/SelectionSortVectorRandom.PNG (PNG copy)>]
<Imagenes/MergeSortOrdenadodecreciente.PNG, id=29, 959.585pt x 396.48125pt>
File: Imagenes/MergeSortOrdenadodecreciente.PNG Graphic file (type png)

<use Imagenes/MergeSortOrdenadodecreciente.PNG>
<Imagenes/SelectionSortOrdenadodecreciente.PNG, id=30, 954.56625pt x 391.4625pt
>
File: Imagenes/SelectionSortOrdenadodecreciente.PNG Graphic file (type png)
 <use Imagenes/SelectionSortOrdenadodecreciente.PNG>
<Imagenes/MergeSortOrdenadocreciente.PNG, id=31, 907.39pt x 407.5225pt>
File: Imagenes/MergeSortOrdenadocreciente.PNG Graphic file (type png)

<use Imagenes/MergeSortOrdenadocreciente.PNG>
<Imagenes/SelectionSortordenadocreciente.PNG, id=32, 619.56468pt x 280.04625pt>
File: Imagenes/SelectionSortordenadocreciente.PNG Graphic file (type png)
<use Imagenes/SelectionSortordenadocreciente.PNG> [5 <./Imagenes/MergeSortOrden
adodecreciente.PNG (PNG copy)> <./Imagenes/SelectionSortOrdenadodecreciente.PNG
 (PNG copy)> <./Imagenes/MergeSortOrdenadocreciente.PNG (PNG copy)>]
<Imagenes/SpeedUpVectorRandom.png, id=36, 667.74469pt x 246.1697pt>
File: Imagenes/SpeedUpVectorRandom.png Graphic file (type png)

<use Imagenes/SpeedUpVectorRandom.png>
<Imagenes/SpeedUpVectorOrdenadoEnFormaDecreciente.png, id=37, 618.81187pt x 223
.58531pt>
File: Imagenes/SpeedUpVectorOrdenadoEnFormaDecreciente.png Graphic file (type p
ng)
 <use Imagenes/SpeedUpVectorOrdenadoEnFormaDecreciente.png>
<Imagenes/SpeedUpVectorOrdenadoEnFormaCreciente.png, id=38, 572.89032pt x 231.1
1343pt>
File: Imagenes/SpeedUpVectorOrdenadoEnFormaCreciente.png Graphic file (type png
)
 <use Imagenes/SpeedUpVectorOrdenadoEnFormaCreciente.png> [6 <./Imagenes/Select
ionSortordenadocreciente.PNG (PNG copy)> <./Imagenes/SpeedUpVectorRandom.png (P
NG copy)>] [7 <./Imagenes/SpeedUpVectorOrdenadoEnFormaDecreciente.png (PNG copy
)> <./Imagenes/SpeedUpVectorOrdenadoEnFormaCreciente.png (PNG copy)>]
File: ArchivoDeLog.txt  (verbatim)

Overfull \hbox (6.74693pt too wide) in paragraph at lines 200--200
[]\OT1/cmtt/m/n/10 100.27     30.00    30.00        1    30.00    30.00  Select
ionSort[] 
 []


Overfull \hbox (11.99689pt too wide) in paragraph at lines 200--200
[]  \OT1/cmtt/m/n/10 0.00     30.00     0.00        1     0.00     0.00  Export
arCadena[] 
 []


Overfull \hbox (59.24648pt too wide) in paragraph at lines 200--200
[]  \OT1/cmtt/m/n/10 0.00     30.00     0.00        1     0.00     0.00  LeerAr
chivoDeCaracteres[] 
 []


Overfull \hbox (1.49698pt too wide) in paragraph at lines 200--200
[]  \OT1/cmtt/m/n/10 0.00     30.00     0.00        1     0.00     0.00  SumarC
adenas[] 
 []


Overfull \hbox (1.49698pt too wide) in paragraph at lines 200--200
[]               \OT1/cmtt/m/n/10 30.00    0.00       1/1           SelectionSo
rt [1][] 
 []


Overfull \hbox (53.99652pt too wide) in paragraph at lines 200--200
[]                \OT1/cmtt/m/n/10 0.00    0.00       1/1           LeerArchivo
DeCaracteres [4][] 
 []


Overfull \hbox (6.74693pt too wide) in paragraph at lines 200--200
[]                \OT1/cmtt/m/n/10 0.00    0.00       1/1           ExportarCad
ena [3][] 
 []


Overfull \hbox (32.9967pt too wide) in paragraph at lines 200--200
[]\OT1/cmtt/m/n/10 [4]      0.0    0.00    0.00       1         LeerArchivoDeCa
racteres [4][] 
 []


Overfull \hbox (53.99652pt too wide) in paragraph at lines 200--200
[]                \OT1/cmtt/m/n/10 0.00    0.00       1/1           LeerArchivo
DeCaracteres [4][] 
 []

[8]
Overfull \hbox (48.74657pt too wide) in paragraph at lines 200--200
[]   \OT1/cmtt/m/n/10 [3] ExportarCadena          [1] SelectionSort           [
6] SumarCadenas[] 
 []

[9] (./informe.aux)

LaTeX Warning: There were multiply-defined labels.

 ) 
Here is how much of TeX's memory you used:
 2638 strings out of 493848
 34547 string characters out of 1152823
 97593 words of memory out of 3000000
 5898 multiletter control sequences out of 15000+50000
 10390 words of font info for 36 fonts, out of 3000000 for 9000
 714 hyphenation exceptions out of 8191
 25i,7n,27p,342b,614s stack positions out of 5000i,500n,10000p,200000b,50000s
</usr/share/texmf-texlive/fonts/type1/public/amsfonts/cm/cmbx10.pfb></usr/sha
re/texmf-texlive/fonts/type1/public/amsfonts/cm/cmbx12.pfb></usr/share/texmf-te
xlive/fonts/type1/public/amsfonts/cm/cmbx9.pfb></usr/share/texmf-texlive/fonts/
type1/public/amsfonts/cm/cmbxti10.pfb></usr/share/texmf-texlive/fonts/type1/pub
lic/amsfonts/cm/cmmi10.pfb></usr/share/texmf-texlive/fonts/type1/public/amsfont
s/cm/cmmi7.pfb></usr/share/texmf-texlive/fonts/type1/public/amsfonts/cm/cmr10.p
fb></usr/share/texmf-texlive/fonts/type1/public/amsfonts/cm/cmr7.pfb></usr/shar
e/texmf-texlive/fonts/type1/public/amsfonts/cm/cmr9.pfb></usr/share/texmf-texli
ve/fonts/type1/public/amsfonts/cm/cmsy10.pfb></usr/share/texmf-texlive/fonts/ty
pe1/public/amsfonts/cm/cmti10.pfb></usr/share/texmf-texlive/fonts/type1/public/
amsfonts/cm/cmti7.pfb></usr/share/texmf-texlive/fonts/type1/public/amsfonts/cm/
cmtt10.pfb>
Output written on informe.pdf (9 pages, 525154 bytes).
PDF statistics:
 94 PDF objects out of 1000 (max. 8388607)
 0 named destinations out of 1000 (max. 500000)
 51 words of extra memory for PDF output out of 10000 (max. 10000000)

