This is pdfTeX, Version 3.1415926-1.40.10 (TeX Live 2009/Debian) (format=pdflatex 2012.3.23)  29 MAR 2012 05:46
entering extended mode
 %&-line parsing enabled.
**informe.tex
(./informe.tex
LaTeX2e <2009/09/24>
Babel <v3.8l> and hyphenation patterns for english, usenglishmax, dumylang, noh
yphenation, farsi, arabic, croatian, bulgarian, ukrainian, russian, czech, slov
ak, danish, dutch, finnish, french, basque, ngerman, german, german-x-2009-06-1
9, ngerman-x-2009-06-19, ibycus, monogreek, greek, ancientgreek, hungarian, san
skrit, italian, latin, latvian, lithuanian, mongolian2a, mongolian, bokmal, nyn
orsk, romanian, irish, coptic, serbian, turkish, welsh, esperanto, uppersorbian
, estonian, indonesian, interlingua, icelandic, kurmanji, slovenian, polish, po
rtuguese, spanish, galician, catalan, swedish, ukenglish, pinyin, loaded.
(/usr/share/texmf-texlive/tex/latex/base/article.cls
Document Class: article 2007/10/19 v1.4h Standard LaTeX document class
(/usr/share/texmf-texlive/tex/latex/base/size10.clo
File: size10.clo 2007/10/19 v1.4h Standard LaTeX file (size option)
)
\c@part=\count79
\c@section=\count80
\c@subsection=\count81
\c@subsubsection=\count82
\c@paragraph=\count83
\c@subparagraph=\count84
\c@figure=\count85
\c@table=\count86
\abovecaptionskip=\skip41
\belowcaptionskip=\skip42
\bibindent=\dimen102
)
(/usr/share/texmf-texlive/tex/latex/base/inputenc.sty
Package: inputenc 2008/03/30 v1.1d Input encoding file
\inpenc@prehook=\toks14
\inpenc@posthook=\toks15

(/usr/share/texmf-texlive/tex/latex/base/utf8.def
File: utf8.def 2008/04/05 v1.1m UTF-8 support for inputenc
Now handling font encoding OML ...
... no UTF-8 mapping file for font encoding OML
Now handling font encoding T1 ...
... processing UTF-8 mapping file for font encoding T1

(/usr/share/texmf-texlive/tex/latex/base/t1enc.dfu
File: t1enc.dfu 2008/04/05 v1.1m UTF-8 support for inputenc
   defining Unicode char U+00A1 (decimal 161)
   defining Unicode char U+00A3 (decimal 163)
   defining Unicode char U+00AB (decimal 171)
   defining Unicode char U+00BB (decimal 187)
   defining Unicode char U+00BF (decimal 191)
   defining Unicode char U+00C0 (decimal 192)
   defining Unicode char U+00C1 (decimal 193)
   defining Unicode char U+00C2 (decimal 194)
   defining Unicode char U+00C3 (decimal 195)
   defining Unicode char U+00C4 (decimal 196)
   defining Unicode char U+00C5 (decimal 197)
   defining Unicode char U+00C6 (decimal 198)
   defining Unicode char U+00C7 (decimal 199)
   defining Unicode char U+00C8 (decimal 200)
   defining Unicode char U+00C9 (decimal 201)
   defining Unicode char U+00CA (decimal 202)
   defining Unicode char U+00CB (decimal 203)
   defining Unicode char U+00CC (decimal 204)
   defining Unicode char U+00CD (decimal 205)
   defining Unicode char U+00CE (decimal 206)
   defining Unicode char U+00CF (decimal 207)
   defining Unicode char U+00D0 (decimal 208)
   defining Unicode char U+00D1 (decimal 209)
   defining Unicode char U+00D2 (decimal 210)
   defining Unicode char U+00D3 (decimal 211)
   defining Unicode char U+00D4 (decimal 212)
   defining Unicode char U+00D5 (decimal 213)
   defining Unicode char U+00D6 (decimal 214)
   defining Unicode char U+00D8 (decimal 216)
   defining Unicode char U+00D9 (decimal 217)
   defining Unicode char U+00DA (decimal 218)
   defining Unicode char U+00DB (decimal 219)
   defining Unicode char U+00DC (decimal 220)
   defining Unicode char U+00DD (decimal 221)
   defining Unicode char U+00DE (decimal 222)
   defining Unicode char U+00DF (decimal 223)
   defining Unicode char U+00E0 (decimal 224)
   defining Unicode char U+00E1 (decimal 225)
   defining Unicode char U+00E2 (decimal 226)
   defining Unicode char U+00E3 (decimal 227)
   defining Unicode char U+00E4 (decimal 228)
   defining Unicode char U+00E5 (decimal 229)
   defining Unicode char U+00E6 (decimal 230)
   defining Unicode char U+00E7 (decimal 231)
   defining Unicode char U+00E8 (decimal 232)
   defining Unicode char U+00E9 (decimal 233)
   defining Unicode char U+00EA (decimal 234)
   defining Unicode char U+00EB (decimal 235)
   defining Unicode char U+00EC (decimal 236)
   defining Unicode char U+00ED (decimal 237)
   defining Unicode char U+00EE (decimal 238)
   defining Unicode char U+00EF (decimal 239)
   defining Unicode char U+00F0 (decimal 240)
   defining Unicode char U+00F1 (decimal 241)
   defining Unicode char U+00F2 (decimal 242)
   defining Unicode char U+00F3 (decimal 243)
   defining Unicode char U+00F4 (decimal 244)
   defining Unicode char U+00F5 (decimal 245)
   defining Unicode char U+00F6 (decimal 246)
   defining Unicode char U+00F8 (decimal 248)
   defining Unicode char U+00F9 (decimal 249)
   defining Unicode char U+00FA (decimal 250)
   defining Unicode char U+00FB (decimal 251)
   defining Unicode char U+00FC (decimal 252)
   defining Unicode char U+00FD (decimal 253)
   defining Unicode char U+00FE (decimal 254)
   defining Unicode char U+00FF (decimal 255)
   defining Unicode char U+0102 (decimal 258)
   defining Unicode char U+0103 (decimal 259)
   defining Unicode char U+0104 (decimal 260)
   defining Unicode char U+0105 (decimal 261)
   defining Unicode char U+0106 (decimal 262)
   defining Unicode char U+0107 (decimal 263)
   defining Unicode char U+010C (decimal 268)
   defining Unicode char U+010D (decimal 269)
   defining Unicode char U+010E (decimal 270)
   defining Unicode char U+010F (decimal 271)
   defining Unicode char U+0110 (decimal 272)
   defining Unicode char U+0111 (decimal 273)
   defining Unicode char U+0118 (decimal 280)
   defining Unicode char U+0119 (decimal 281)
   defining Unicode char U+011A (decimal 282)
   defining Unicode char U+011B (decimal 283)
   defining Unicode char U+011E (decimal 286)
   defining Unicode char U+011F (decimal 287)
   defining Unicode char U+0130 (decimal 304)
   defining Unicode char U+0131 (decimal 305)
   defining Unicode char U+0132 (decimal 306)
   defining Unicode char U+0133 (decimal 307)
   defining Unicode char U+0139 (decimal 313)
   defining Unicode char U+013A (decimal 314)
   defining Unicode char U+013D (decimal 317)
   defining Unicode char U+013E (decimal 318)
   defining Unicode char U+0141 (decimal 321)
   defining Unicode char U+0142 (decimal 322)
   defining Unicode char U+0143 (decimal 323)
   defining Unicode char U+0144 (decimal 324)
   defining Unicode char U+0147 (decimal 327)
   defining Unicode char U+0148 (decimal 328)
   defining Unicode char U+014A (decimal 330)
   defining Unicode char U+014B (decimal 331)
   defining Unicode char U+0150 (decimal 336)
   defining Unicode char U+0151 (decimal 337)
   defining Unicode char U+0152 (decimal 338)
   defining Unicode char U+0153 (decimal 339)
   defining Unicode char U+0154 (decimal 340)
   defining Unicode char U+0155 (decimal 341)
   defining Unicode char U+0158 (decimal 344)
   defining Unicode char U+0159 (decimal 345)
   defining Unicode char U+015A (decimal 346)
   defining Unicode char U+015B (decimal 347)
   defining Unicode char U+015E (decimal 350)
   defining Unicode char U+015F (decimal 351)
   defining Unicode char U+0160 (decimal 352)
   defining Unicode char U+0161 (decimal 353)
   defining Unicode char U+0162 (decimal 354)
   defining Unicode char U+0163 (decimal 355)
   defining Unicode char U+0164 (decimal 356)
   defining Unicode char U+0165 (decimal 357)
   defining Unicode char U+016E (decimal 366)
   defining Unicode char U+016F (decimal 367)
   defining Unicode char U+0170 (decimal 368)
   defining Unicode char U+0171 (decimal 369)
   defining Unicode char U+0178 (decimal 376)
   defining Unicode char U+0179 (decimal 377)
   defining Unicode char U+017A (decimal 378)
   defining Unicode char U+017B (decimal 379)
   defining Unicode char U+017C (decimal 380)
   defining Unicode char U+017D (decimal 381)
   defining Unicode char U+017E (decimal 382)
   defining Unicode char U+200C (decimal 8204)
   defining Unicode char U+2013 (decimal 8211)
   defining Unicode char U+2014 (decimal 8212)
   defining Unicode char U+2018 (decimal 8216)
   defining Unicode char U+2019 (decimal 8217)
   defining Unicode char U+201A (decimal 8218)
   defining Unicode char U+201C (decimal 8220)
   defining Unicode char U+201D (decimal 8221)
   defining Unicode char U+201E (decimal 8222)
   defining Unicode char U+2030 (decimal 8240)
   defining Unicode char U+2031 (decimal 8241)
   defining Unicode char U+2039 (decimal 8249)
   defining Unicode char U+203A (decimal 8250)
   defining Unicode char U+2423 (decimal 9251)
)
Now handling font encoding OT1 ...
... processing UTF-8 mapping file for font encoding OT1

(/usr/share/texmf-texlive/tex/latex/base/ot1enc.dfu
File: ot1enc.dfu 2008/04/05 v1.1m UTF-8 support for inputenc
   defining Unicode char U+00A1 (decimal 161)
   defining Unicode char U+00A3 (decimal 163)
   defining Unicode char U+00B8 (decimal 184)
   defining Unicode char U+00BF (decimal 191)
   defining Unicode char U+00C5 (decimal 197)
   defining Unicode char U+00C6 (decimal 198)
   defining Unicode char U+00D8 (decimal 216)
   defining Unicode char U+00DF (decimal 223)
   defining Unicode char U+00E6 (decimal 230)
   defining Unicode char U+00EC (decimal 236)
   defining Unicode char U+00ED (decimal 237)
   defining Unicode char U+00EE (decimal 238)
   defining Unicode char U+00EF (decimal 239)
   defining Unicode char U+00F8 (decimal 248)
   defining Unicode char U+0131 (decimal 305)
   defining Unicode char U+0141 (decimal 321)
   defining Unicode char U+0142 (decimal 322)
   defining Unicode char U+0152 (decimal 338)
   defining Unicode char U+0153 (decimal 339)
   defining Unicode char U+2013 (decimal 8211)
   defining Unicode char U+2014 (decimal 8212)
   defining Unicode char U+2018 (decimal 8216)
   defining Unicode char U+2019 (decimal 8217)
   defining Unicode char U+201C (decimal 8220)
   defining Unicode char U+201D (decimal 8221)
)
Now handling font encoding OMS ...
... processing UTF-8 mapping file for font encoding OMS

(/usr/share/texmf-texlive/tex/latex/base/omsenc.dfu
File: omsenc.dfu 2008/04/05 v1.1m UTF-8 support for inputenc
   defining Unicode char U+00A7 (decimal 167)
   defining Unicode char U+00B6 (decimal 182)
   defining Unicode char U+00B7 (decimal 183)
   defining Unicode char U+2020 (decimal 8224)
   defining Unicode char U+2021 (decimal 8225)
   defining Unicode char U+2022 (decimal 8226)
)
Now handling font encoding OMX ...
... no UTF-8 mapping file for font encoding OMX
Now handling font encoding U ...
... no UTF-8 mapping file for font encoding U
   defining Unicode char U+00A9 (decimal 169)
   defining Unicode char U+00AA (decimal 170)
   defining Unicode char U+00AE (decimal 174)
   defining Unicode char U+00BA (decimal 186)
   defining Unicode char U+02C6 (decimal 710)
   defining Unicode char U+02DC (decimal 732)
   defining Unicode char U+200C (decimal 8204)
   defining Unicode char U+2026 (decimal 8230)
   defining Unicode char U+2122 (decimal 8482)
   defining Unicode char U+2423 (decimal 9251)
))
(/var/lib/texmf/tex/generic/babel/babel.sty
Package: babel 2008/07/06 v3.8l The Babel package

(/usr/share/texmf-texlive/tex/generic/babel/spanish.ldf
Language: spanish.ldf 2009/01/02 v5.0h Spanish support from the babel system

(/usr/share/texmf-texlive/tex/generic/babel/babel.def
File: babel.def 2008/07/06 v3.8l Babel common definitions
\babel@savecnt=\count87
\U@D=\dimen103
)
\es@datefmt=\count88
\es@quottoks=\toks16
\es@quotdepth=\count89
Package babel Info: Making " an active character on input line 492.
Package babel Info: Making . an active character on input line 585.
Package babel Info: Making < an active character on input line 630.
Package babel Info: Making > an active character on input line 630.
))
(/usr/share/texmf-texlive/tex/latex/listings/listings.sty
(/usr/share/texmf-texlive/tex/latex/graphics/keyval.sty
Package: keyval 1999/03/16 v1.13 key=value parser (DPC)
\KV@toks@=\toks17
)
\lst@mode=\count90
\lst@gtempboxa=\box26
\lst@token=\toks18
\lst@length=\count91
\lst@currlwidth=\dimen104
\lst@column=\count92
\lst@pos=\count93
\lst@lostspace=\dimen105
\lst@width=\dimen106
\lst@newlines=\count94
\lst@lineno=\count95
\lst@maxwidth=\dimen107

(/usr/share/texmf-texlive/tex/latex/listings/lstmisc.sty
File: lstmisc.sty 2007/02/22 1.4 (Carsten Heinz)
\c@lstnumber=\count96
\lst@skipnumbers=\count97
\lst@framebox=\box27
)
(/usr/share/texmf-texlive/tex/latex/listings/listings.cfg
File: listings.cfg 2007/02/22 1.4 listings configuration
))
Package: listings 2007/02/22 1.4 (Carsten Heinz)

(/usr/share/texmf-texlive/tex/latex/graphics/color.sty
Package: color 2005/11/14 v1.0j Standard LaTeX Color (DPC)

(/etc/texmf/tex/latex/config/color.cfg
File: color.cfg 2007/01/18 v1.5 color configuration of teTeX/TeXLive
)
Package color Info: Driver file: pdftex.def on input line 130.

(/usr/share/texmf-texlive/tex/latex/pdftex-def/pdftex.def
File: pdftex.def 2009/08/25 v0.04m Graphics/color for pdfTeX
\Gread@gobject=\count98
))
(/usr/share/texmf-texlive/tex/latex/graphics/graphicx.sty
Package: graphicx 1999/02/16 v1.0f Enhanced LaTeX Graphics (DPC,SPQR)

(/usr/share/texmf-texlive/tex/latex/graphics/graphics.sty
Package: graphics 2009/02/05 v1.0o Standard LaTeX Graphics (DPC,SPQR)

(/usr/share/texmf-texlive/tex/latex/graphics/trig.sty
Package: trig 1999/03/16 v1.09 sin cos tan (DPC)
)
(/etc/texmf/tex/latex/config/graphics.cfg
File: graphics.cfg 2009/08/28 v1.8 graphics configuration of TeX Live
)
Package graphics Info: Driver file: pdftex.def on input line 91.
)
\Gin@req@height=\dimen108
\Gin@req@width=\dimen109
)
(/usr/share/texmf-texlive/tex/latex/tools/verbatim.sty
Package: verbatim 2003/08/22 v1.5q LaTeX2e package for verbatim enhancements
\every@verbatim=\toks19
\verbatim@line=\toks20
\verbatim@in@stream=\read1
) (./informe.aux

LaTeX Warning: Label `lamport94' multiply defined.


LaTeX Warning: Label `lamport94' multiply defined.


LaTeX Warning: Label `lamport94' multiply defined.


LaTeX Warning: Label `lamport94' multiply defined.


LaTeX Warning: Label `lamport94' multiply defined.


LaTeX Warning: Label `lamport94' multiply defined.

)
\openout1 = `informe.aux'.

LaTeX Font Info:    Checking defaults for OML/cmm/m/it on input line 29.
LaTeX Font Info:    ... okay on input line 29.
LaTeX Font Info:    Checking defaults for T1/cmr/m/n on input line 29.
LaTeX Font Info:    ... okay on input line 29.
LaTeX Font Info:    Checking defaults for OT1/cmr/m/n on input line 29.
LaTeX Font Info:    ... okay on input line 29.
LaTeX Font Info:    Checking defaults for OMS/cmsy/m/n on input line 29.
LaTeX Font Info:    ... okay on input line 29.
LaTeX Font Info:    Checking defaults for OMX/cmex/m/n on input line 29.
LaTeX Font Info:    ... okay on input line 29.
LaTeX Font Info:    Checking defaults for U/cmr/m/n on input line 29.
LaTeX Font Info:    ... okay on input line 29.
\c@lstlisting=\count99
 (/usr/share/texmf/tex/context/base/supp-pdf.mkii
[Loading MPS to PDF converter (version 2006.09.02).]
\scratchcounter=\count100
\scratchdimen=\dimen110
\scratchbox=\box28
\nofMPsegments=\count101
\nofMParguments=\count102
\everyMPshowfont=\toks21
\MPscratchCnt=\count103
\MPscratchDim=\dimen111
\MPnumerator=\count104
\everyMPtoPDFconversion=\toks22
)
LaTeX Font Info:    External font `cmex10' loaded for size
(Font)              <12> on input line 31.
LaTeX Font Info:    External font `cmex10' loaded for size
(Font)              <8> on input line 31.
LaTeX Font Info:    External font `cmex10' loaded for size
(Font)              <6> on input line 31.
 <logo_fiuba.jpg, id=1, 387.00584pt x 129.3633pt>
File: logo_fiuba.jpg Graphic file (type jpg)
 <use logo_fiuba.jpg>
LaTeX Font Info:    External font `cmex10' loaded for size
(Font)              <7> on input line 49.
LaTeX Font Info:    External font `cmex10' loaded for size
(Font)              <5> on input line 49.

Overfull \hbox (37.47655pt too wide) in paragraph at lines 49--60
[]  
 []

[1

{/var/lib/texmf/fonts/map/pdftex/updmap/pdftex.map} <./logo_fiuba.jpg>]
(./informe.toc)
\tf@toc=\write3
\openout3 = `informe.toc'.

 [2] [3]
<Imagenes/MergeSortVectorRandom.PNG, id=23, 716.6775pt x 411.5375pt>
File: Imagenes/MergeSortVectorRandom.PNG Graphic file (type png)

<use Imagenes/MergeSortVectorRandom.PNG>
<Imagenes/SelectionSortVectorRandom.PNG, id=24, 741.77126pt x 426.59375pt>
File: Imagenes/SelectionSortVectorRandom.PNG Graphic file (type png)

<use Imagenes/SelectionSortVectorRandom.PNG> [4 <./Imagenes/MergeSortVectorRand
om.PNG (PNG copy)> <./Imagenes/SelectionSortVectorRandom.PNG (PNG copy)>]
<Imagenes/MergeSortOrdenadodecreciente.PNG, id=29, 959.585pt x 396.48125pt>
File: Imagenes/MergeSortOrdenadodecreciente.PNG Graphic file (type png)

<use Imagenes/MergeSortOrdenadodecreciente.PNG>
<Imagenes/SelectionSortOrdenadodecreciente.PNG, id=30, 954.56625pt x 391.4625pt
>
File: Imagenes/SelectionSortOrdenadodecreciente.PNG Graphic file (type png)
 <use Imagenes/SelectionSortOrdenadodecreciente.PNG>
<Imagenes/MergeSortOrdenadocreciente.PNG, id=31, 907.39pt x 407.5225pt>
File: Imagenes/MergeSortOrdenadocreciente.PNG Graphic file (type png)

<use Imagenes/MergeSortOrdenadocreciente.PNG>
<Imagenes/SelectionSortordenadocreciente.PNG, id=32, 619.56468pt x 280.04625pt>
File: Imagenes/SelectionSortordenadocreciente.PNG Graphic file (type png)
<use Imagenes/SelectionSortordenadocreciente.PNG> [5 <./Imagenes/MergeSortOrden
adodecreciente.PNG (PNG copy)> <./Imagenes/SelectionSortOrdenadodecreciente.PNG
 (PNG copy)> <./Imagenes/MergeSortOrdenadocreciente.PNG (PNG copy)>]
<Imagenes/SpeedUpVectorRandom.png, id=36, 667.74469pt x 246.1697pt>
File: Imagenes/SpeedUpVectorRandom.png Graphic file (type png)

<use Imagenes/SpeedUpVectorRandom.png>
<Imagenes/SpeedUpVectorOrdenadoEnFormaDecreciente.png, id=37, 618.81187pt x 223
.58531pt>
File: Imagenes/SpeedUpVectorOrdenadoEnFormaDecreciente.png Graphic file (type p
ng)
 <use Imagenes/SpeedUpVectorOrdenadoEnFormaDecreciente.png>
<Imagenes/SpeedUpVectorOrdenadoEnFormaCreciente.png, id=38, 572.89032pt x 231.1
1343pt>
File: Imagenes/SpeedUpVectorOrdenadoEnFormaCreciente.png Graphic file (type png
)
 <use Imagenes/SpeedUpVectorOrdenadoEnFormaCreciente.png> [6 <./Imagenes/Select
ionSortordenadocreciente.PNG (PNG copy)> <./Imagenes/SpeedUpVectorRandom.png (P
NG copy)>] [7 <./Imagenes/SpeedUpVectorOrdenadoEnFormaDecreciente.png (PNG copy
)> <./Imagenes/SpeedUpVectorOrdenadoEnFormaCreciente.png (PNG copy)>]
File: ArchivoDeLog.txt  (verbatim)

Overfull \hbox (6.74693pt too wide) in paragraph at lines 203--203
[]\OT1/cmtt/m/n/10 100.27     30.00    30.00        1    30.00    30.00  Select
ionSort[] 
 []


Overfull \hbox (11.99689pt too wide) in paragraph at lines 203--203
[]  \OT1/cmtt/m/n/10 0.00     30.00     0.00        1     0.00     0.00  Export
arCadena[] 
 []


Overfull \hbox (59.24648pt too wide) in paragraph at lines 203--203
[]  \OT1/cmtt/m/n/10 0.00     30.00     0.00        1     0.00     0.00  LeerAr
chivoDeCaracteres[] 
 []


Overfull \hbox (1.49698pt too wide) in paragraph at lines 203--203
[]  \OT1/cmtt/m/n/10 0.00     30.00     0.00        1     0.00     0.00  SumarC
adenas[] 
 []


Overfull \hbox (1.49698pt too wide) in paragraph at lines 203--203
[]               \OT1/cmtt/m/n/10 30.00    0.00       1/1           SelectionSo
rt [1][] 
 []


Overfull \hbox (53.99652pt too wide) in paragraph at lines 203--203
[]                \OT1/cmtt/m/n/10 0.00    0.00       1/1           LeerArchivo
DeCaracteres [4][] 
 []


Overfull \hbox (6.74693pt too wide) in paragraph at lines 203--203
[]                \OT1/cmtt/m/n/10 0.00    0.00       1/1           ExportarCad
ena [3][] 
 []


Overfull \hbox (32.9967pt too wide) in paragraph at lines 203--203
[]\OT1/cmtt/m/n/10 [4]      0.0    0.00    0.00       1         LeerArchivoDeCa
racteres [4][] 
 []


Overfull \hbox (53.99652pt too wide) in paragraph at lines 203--203
[]                \OT1/cmtt/m/n/10 0.00    0.00       1/1           LeerArchivo
DeCaracteres [4][] 
 []

[8]
Overfull \hbox (48.74657pt too wide) in paragraph at lines 203--203
[]   \OT1/cmtt/m/n/10 [3] ExportarCadena          [1] SelectionSort           [
6] SumarCadenas[] 
 []

(/usr/share/texmf-texlive/tex/latex/listings/lstlang1.sty
File: lstlang1.sty 2004/09/05 1.3 listings language file
)
(/usr/share/texmf-texlive/tex/latex/listings/lstmisc.sty
File: lstmisc.sty 2007/02/22 1.4 (Carsten Heinz)
) (./main.c
LaTeX Font Info:    Try loading font information for OML+cmr on input line 1.

(/usr/share/texmf-texlive/tex/latex/base/omlcmr.fd
File: omlcmr.fd 1999/05/25 v2.5h Standard LaTeX font definitions
)
LaTeX Font Info:    Font shape `OML/cmr/m/n' in size <10> not available
(Font)              Font shape `OML/cmm/m/it' tried instead on input line 1.
LaTeX Font Info:    Try loading font information for OMS+cmr on input line 9.

(/usr/share/texmf-texlive/tex/latex/base/omscmr.fd
File: omscmr.fd 1999/05/25 v2.5h Standard LaTeX font definitions
)
LaTeX Font Info:    Font shape `OMS/cmr/m/n' in size <10> not available
(Font)              Font shape `OMS/cmsy/m/n' tried instead on input line 9.
 [9] [10]
Overfull \hbox (57.00409pt too wide) in paragraph at lines 66--67
[][][][][][][][][][][][][][][][][][][][][] 
 []


Overfull \hbox (57.00409pt too wide) in paragraph at lines 67--68
[][][][][][][][][][][][][][][][][][][][][] 
 []


Overfull \hbox (51.00403pt too wide) in paragraph at lines 89--90
[][][][][][][][][][][][][][][][][][][][] 
 []


Overfull \hbox (81.00433pt too wide) in paragraph at lines 98--99
[][][][][][][][][][] 
 []


Overfull \hbox (63.00415pt too wide) in paragraph at lines 103--104
[][][][][][][][][][][][][][][][][][] 
 []


Overfull \hbox (39.0039pt too wide) in paragraph at lines 104--105
[][][][][][][][][][][][][][][][][][] 
 []


Overfull \hbox (81.00433pt too wide) in paragraph at lines 106--107
[][][][][][][][][][][][][][][][][][][][][] 
 []


Overfull \hbox (99.00452pt too wide) in paragraph at lines 109--110
[][][][][][][][][][][][][][][][][][][][][][] 
 []


Overfull \hbox (87.0044pt too wide) in paragraph at lines 113--114
[][][][][][][][][][][][][][][][] 
 []

[11]
Overfull \hbox (57.00409pt too wide) in paragraph at lines 115--116
[][][][][][][][][][][][][][][][][][][][][] 
 []


Overfull \hbox (33.00385pt too wide) in paragraph at lines 117--119
[][][][][][][][][][][][][][][][][][][][][] 
 []


Overfull \hbox (75.00427pt too wide) in paragraph at lines 119--120
[][][][][][][][][][][][][][][][][][] 
 []


Overfull \hbox (81.00433pt too wide) in paragraph at lines 136--138
[][][][][][][][][][] 
 []


Overfull \hbox (3.00354pt too wide) in paragraph at lines 142--143
[][][][][][][][][][][] 
 []


Overfull \hbox (27.00378pt too wide) in paragraph at lines 145--146
[][][][][][][][][][][][][][][][][][][][][][] 
 []


Overfull \hbox (105.00458pt too wide) in paragraph at lines 146--148
[][][][][][][][][][][][][][][][] 
 []


Overfull \hbox (21.00372pt too wide) in paragraph at lines 162--163
[][][][][][][][][][][][][][][][][] 
 []

LaTeX Font Info:    Font shape `OMS/cmr/m/it' in size <10> not available
(Font)              Font shape `OMS/cmsy/m/n' tried instead on input line 163.

! Package inputenc Error: Unicode char \u8:\expandafter not set up for use wit
h LaTeX.

See the inputenc package documentation for explanation.
Type  H <return>  for immediate help.
 ...                                              
                                                  
l.163   /* Lista de las opciones cortas v谩lidas 
                                                 */
Your command was ignored.
Type  I <command> <return>  to replace it with another command,
or  <return>  to continue without it.


! Package inputenc Error: Keyboard character used is undefined
(inputenc)                in inputencoding `utf8'.

See the inputenc package documentation for explanation.
Type  H <return>  for immediate help.
 ...                                              
                                                  
l.163   /* Lista de las opciones cortas v谩lidas 
                                                 */
You need to provide a definition with \DeclareInputText 
or \DeclareInputMath before using this key.

[12]
Overfull \hbox (81.00433pt too wide) in paragraph at lines 166--167
[][][][][][][][][][][][][][][][][][][][][][][][] 
 []


! Package inputenc Error: Unicode char \u8:\expandafter not set up for use wit
h LaTeX.

See the inputenc package documentation for explanation.
Type  H <return>  for immediate help.
 ...                                              
                                                  
l.177       /* Llamamos a la funci贸n 
                                      getopt */
Your command was ignored.
Type  I <command> <return>  to replace it with another command,
or  <return>  to continue without it.


! Package inputenc Error: Keyboard character used is undefined
(inputenc)                in inputencoding `utf8'.

See the inputenc package documentation for explanation.
Type  H <return>  for immediate help.
 ...                                              
                                                  
l.177       /* Llamamos a la funci贸n 
                                      getopt */
You need to provide a definition with \DeclareInputText 
or \DeclareInputMath before using this key.


Overfull \hbox (75.00427pt too wide) in paragraph at lines 185--186
[][][][][][][][][][][][][][][][][][][][][][][] 
 []


Overfull \hbox (129.00482pt too wide) in paragraph at lines 188--189
[][][][][][][][][][][][][][][][][][][][][][][][][][][][][][][] 
 []


Overfull \hbox (87.0044pt too wide) in paragraph at lines 201--202
[][][][][][][][][][][][][][][][][][][][][][][] 
 []


! Package inputenc Error: Unicode char \u8:\expandafter not set up for use wit
h LaTeX.

See the inputenc package documentation for explanation.
Type  H <return>  for immediate help.
 ...                                              
                                                  
l.213           case '?' : /* opci贸n 
                                      no valida */
Your command was ignored.
Type  I <command> <return>  to replace it with another command,
or  <return>  to continue without it.


! Package inputenc Error: Keyboard character used is undefined
(inputenc)                in inputencoding `utf8'.

See the inputenc package documentation for explanation.
Type  H <return>  for immediate help.
 ...                                              
                                                  
l.213           case '?' : /* opci贸n 
                                      no valida */
You need to provide a definition with \DeclareInputText 
or \DeclareInputMath before using this key.


Overfull \hbox (57.00409pt too wide) in paragraph at lines 214--215
[][][][][][][][][][][][][][][][][][][][][][][][][][][][][][][] 
 []

[13]
Overfull \hbox (87.0044pt too wide) in paragraph at lines 229--230
[][][][][][][][][][][][][][][][][][] 
 []


Overfull \hbox (69.00421pt too wide) in paragraph at lines 234--235
[][][][][][][][][][][] 
 []


Overfull \hbox (63.00415pt too wide) in paragraph at lines 239--240
[][][][][][][] 
 []


Overfull \hbox (27.00378pt too wide) in paragraph at lines 247--248
[][][][][][][][][][][][][] 
 []


Overfull \hbox (87.0044pt too wide) in paragraph at lines 250--251
[][][][][][][][][][][][][][][][][][][][][] 
 []


Overfull \hbox (81.00433pt too wide) in paragraph at lines 251--252
[][][][][][][][][][][][][][] 
 []


Overfull \hbox (3.00354pt too wide) in paragraph at lines 258--259
[][][][][][][][][] 
 []

) [14] <Imagenes/gxemul.PNG, id=68, 1112.155pt x 784.9325pt>
File: Imagenes/gxemul.PNG Graphic file (type png)

<use Imagenes/gxemul.PNG>
Overfull \hbox (11.43306pt too wide) in paragraph at lines 228--229
[][] 
 []

[15 <./Imagenes/gxemul.PNG (PNG copy)>] (./informe.aux)

LaTeX Warning: There were multiply-defined labels.

 ) 
Here is how much of TeX's memory you used:
 3809 strings out of 493848
 49286 string characters out of 1152823
 151623 words of memory out of 3000000
 7047 multiletter control sequences out of 15000+50000
 10390 words of font info for 36 fonts, out of 3000000 for 9000
 714 hyphenation exceptions out of 8191
 29i,7n,52p,286b,1660s stack positions out of 5000i,500n,10000p,200000b,50000s
</usr/share/texmf-texlive/fonts/type1/public/amsfonts/cm/cmbx10.pfb></usr/sha
re/texmf-texlive/fonts/type1/public/amsfonts/cm/cmbx12.pfb></usr/share/texmf-te
xlive/fonts/type1/public/amsfonts/cm/cmbx9.pfb></usr/share/texmf-texlive/fonts/
type1/public/amsfonts/cm/cmbxti10.pfb></usr/share/texmf-texlive/fonts/type1/pub
lic/amsfonts/cm/cmmi10.pfb></usr/share/texmf-texlive/fonts/type1/public/amsfont
s/cm/cmmi7.pfb></usr/share/texmf-texlive/fonts/type1/public/amsfonts/cm/cmr10.p
fb></usr/share/texmf-texlive/fonts/type1/public/amsfonts/cm/cmr7.pfb></usr/shar
e/texmf-texlive/fonts/type1/public/amsfonts/cm/cmr9.pfb></usr/share/texmf-texli
ve/fonts/type1/public/amsfonts/cm/cmsy10.pfb></usr/share/texmf-texlive/fonts/ty
pe1/public/amsfonts/cm/cmti10.pfb></usr/share/texmf-texlive/fonts/type1/public/
amsfonts/cm/cmti7.pfb></usr/share/texmf-texlive/fonts/type1/public/amsfonts/cm/
cmtt10.pfb>
Output written on informe.pdf (15 pages, 676722 bytes).
PDF statistics:
 114 PDF objects out of 1000 (max. 8388607)
 0 named destinations out of 1000 (max. 500000)
 56 words of extra memory for PDF output out of 10000 (max. 10000000)

